<?xml version="1.0" encoding="UTF-8"?>
<Site BuildName="Linux-g++"
	BuildStamp="20221227-0308-Experimental"
	Name="kelvin-HP-ENVY-Laptop-13-ba1xxx"
	Generator="ctest-3.22.1"
	CompilerName="/usr/bin/g++"
	CompilerVersion="11.3.0"
	OSName="Linux"
	Hostname="kelvin-HP-ENVY-Laptop-13-ba1xxx"
	OSRelease="5.15.0-43-generic"
	OSVersion="#46-Ubuntu SMP Tue Jul 12 10:30:17 UTC 2022"
	OSPlatform="x86_64"
	Is64Bits="1"
	VendorString="GenuineIntel"
	VendorID="Intel Corporation"
	FamilyID="6"
	ModelID="140"
	ProcessorCacheSize="12288"
	NumberOfLogicalCPU="8"
	NumberOfPhysicalCPU="4"
	TotalVirtualMemory="2047"
	TotalPhysicalMemory="15748"
	LogicalProcessorsPerPhysical="2"
	ProcessorClockFrequency="2800"
	>
	<Testing>
		<StartDateTime>Dec 27 23:39 HKT</StartDateTime>
		<StartTestTime>1672155544</StartTestTime>
		<TestList/>
		<EndDateTime>Dec 27 23:39 HKT</EndDateTime>
		<EndTestTime>1672155544</EndTestTime>
		<ElapsedMinutes>0</ElapsedMinutes>
	</Testing>
</Site>
