<?xml version="1.0" encoding="UTF-8"?>
<Site BuildName="Linux-g++"
	BuildStamp="20221226-1335-Experimental"
	Name="kelvin-HP-ENVY-Laptop-13-ba1xxx"
	Generator="ctest-3.22.1"
	CompilerName="/usr/bin/g++"
	CompilerVersion="11.3.0"
	OSName="Linux"
	Hostname="kelvin-HP-ENVY-Laptop-13-ba1xxx"
	OSRelease="5.15.0-43-generic"
	OSVersion="#46-Ubuntu SMP Tue Jul 12 10:30:17 UTC 2022"
	OSPlatform="x86_64"
	Is64Bits="1"
	VendorString="GenuineIntel"
	VendorID="Intel Corporation"
	FamilyID="6"
	ModelID="140"
	ProcessorCacheSize="12288"
	NumberOfLogicalCPU="8"
	NumberOfPhysicalCPU="4"
	TotalVirtualMemory="2047"
	TotalPhysicalMemory="15748"
	LogicalProcessorsPerPhysical="2"
	ProcessorClockFrequency="3383.17"
	>
	<Testing>
		<StartDateTime>Dec 26 22:04 HKT</StartDateTime>
		<StartTestTime>1672063448</StartTestTime>
		<TestList>
			<Test>./logger_test</Test>
		</TestList>
		<Test Status="passed">
			<Name>logger_test</Name>
			<Path>.</Path>
			<FullName>./logger_test</FullName>
			<FullCommandLine>/home/kelvin/dev/logger/build/logger_test</FullCommandLine>
			<Results>
				<NamedMeasurement type="numeric/double" name="Execution Time">
					<Value>0.00162146</Value>
				</NamedMeasurement>
				<NamedMeasurement type="numeric/double" name="Processors">
					<Value>1</Value>
				</NamedMeasurement>
				<NamedMeasurement type="text/string" name="Completion Status">
					<Value>Completed</Value>
				</NamedMeasurement>
				<NamedMeasurement type="text/string" name="Command Line">
					<Value>/home/kelvin/dev/logger/build/logger_test</Value>
				</NamedMeasurement>
				<NamedMeasurement type="text/string" name="Environment">
					<Value>#CTEST_RESOURCE_GROUP_COUNT=</Value>
				</NamedMeasurement>
				<Measurement>
					<Value></Value>
				</Measurement>
			</Results>
		</Test>
		<EndDateTime>Dec 26 22:04 HKT</EndDateTime>
		<EndTestTime>1672063448</EndTestTime>
		<ElapsedMinutes>0</ElapsedMinutes>
	</Testing>
</Site>
